[debug] [2022-11-17T02:47:04.725Z] ----------------------------------------------------------------------
[debug] [2022-11-17T02:47:04.726Z] Command:       C:\Program Files\nodejs\node.exe C:\Users\jpost\AppData\Roaming\npm\node_modules\firebase-tools\lib\bin\firebase.js emulators:start
[debug] [2022-11-17T02:47:04.727Z] CLI Version:   11.16.0
[debug] [2022-11-17T02:47:04.727Z] Platform:      win32
[debug] [2022-11-17T02:47:04.727Z] Node Version:  v16.17.1
[debug] [2022-11-17T02:47:04.727Z] Time:          Wed Nov 16 2022 18:47:04 GMT-0800 (Pacific Standard Time)
[debug] [2022-11-17T02:47:04.728Z] ----------------------------------------------------------------------
[debug] 
[debug] [2022-11-17T02:47:04.786Z] > command requires scopes: ["email","openid","https://www.googleapis.com/auth/cloudplatformprojects.readonly","https://www.googleapis.com/auth/firebase","https://www.googleapis.com/auth/cloud-platform"]
[debug] [2022-11-17T02:47:04.787Z] > authorizing via signed-in user (jessycp52547@gmail.com)
[info] i  emulators: Starting emulators: functions {"metadata":{"emulator":{"name":"hub"},"message":"Starting emulators: functions"}}
[debug] [2022-11-17T02:47:04.795Z] [logging] Logging Emulator only supports listening on one address (127.0.0.1). Not listening on ::1
[debug] [2022-11-17T02:47:04.795Z] assigned listening specs for emulators {"user":{"hub":[{"address":"127.0.0.1","family":"IPv4","port":4400},{"address":"::1","family":"IPv6","port":4400}],"ui":[{"address":"127.0.0.1","family":"IPv4","port":4000},{"address":"::1","family":"IPv6","port":4000}],"logging":[{"address":"127.0.0.1","family":"IPv4","port":4500}]},"metadata":{"message":"assigned listening specs for emulators"}}
[debug] [2022-11-17T02:47:04.808Z] [hub] writing locator at C:\Users\jpost\AppData\Local\Temp\hub-sunraecap.json
[debug] [2022-11-17T02:47:04.835Z] [functions] Functions Emulator only supports listening on one address (127.0.0.1). Not listening on ::1
[debug] [2022-11-17T02:47:04.835Z] [eventarc] Eventarc Emulator only supports listening on one address (127.0.0.1). Not listening on ::1
[debug] [2022-11-17T02:47:04.835Z] late-assigned ports for functions and eventarc emulators {"user":{"hub":[{"address":"127.0.0.1","family":"IPv4","port":4400},{"address":"::1","family":"IPv6","port":4400}],"ui":[{"address":"127.0.0.1","family":"IPv4","port":4000},{"address":"::1","family":"IPv6","port":4000}],"logging":[{"address":"127.0.0.1","family":"IPv4","port":4500}],"functions":[{"address":"127.0.0.1","family":"IPv4","port":5001}],"eventarc":[{"address":"127.0.0.1","family":"IPv4","port":9299}]},"metadata":{"message":"late-assigned ports for functions and eventarc emulators"}}
[warn] !  functions: The following emulators are not running, calls to these services from the Functions emulator will affect production: auth, firestore, database, hosting, pubsub, storage {"metadata":{"emulator":{"name":"functions"},"message":"The following emulators are not running, calls to these services from the Functions emulator will affect production: \u001b[1mauth, firestore, database, hosting, pubsub, storage\u001b[22m"}}
[info] +  functions: Using node@16 from host. {"metadata":{"emulator":{"name":"functions"},"message":"Using node@16 from host."}}
[debug] [2022-11-17T02:47:04.880Z] defaultcredentials: writing to file C:\Users\jpost\AppData\Roaming\firebase\jessycp52547_gmail_com_application_default_credentials.json
[debug] [2022-11-17T02:47:04.886Z] Setting GAC to C:\Users\jpost\AppData\Roaming\firebase\jessycp52547_gmail_com_application_default_credentials.json {"metadata":{"emulator":{"name":"functions"},"message":"Setting GAC to C:\\Users\\jpost\\AppData\\Roaming\\firebase\\jessycp52547_gmail_com_application_default_credentials.json"}}
[debug] [2022-11-17T02:47:04.888Z] >>> [apiv2][query] GET https://firebase.googleapis.com/v1beta1/projects/sunraecap/adminSdkConfig [none]
[debug] [2022-11-17T02:47:05.150Z] <<< [apiv2][status] GET https://firebase.googleapis.com/v1beta1/projects/sunraecap/adminSdkConfig 200
[debug] [2022-11-17T02:47:05.150Z] <<< [apiv2][body] GET https://firebase.googleapis.com/v1beta1/projects/sunraecap/adminSdkConfig {"projectId":"sunraecap","storageBucket":"sunraecap.appspot.com","locationId":"us-west3"}
[info] i  ui: downloading ui-v1.11.1.zip... {"metadata":{"emulator":{"name":"ui"},"message":"downloading ui-v1.11.1.zip..."}}
[debug] [2022-11-17T02:47:05.175Z] >>> [apiv2][query] GET https://storage.googleapis.com/firebase-preview-drop/emulator/ui-v1.11.1.zip 
[debug] [2022-11-17T02:47:05.411Z] <<< [apiv2][status] GET https://storage.googleapis.com/firebase-preview-drop/emulator/ui-v1.11.1.zip 200
[debug] [2022-11-17T02:47:05.412Z] <<< [apiv2][body] GET https://storage.googleapis.com/firebase-preview-drop/emulator/ui-v1.11.1.zip [stream]
[debug] [2022-11-17T02:47:08.270Z] Ignoring unsupported arg: auto_download {"metadata":{"emulator":{"name":"ui"},"message":"Ignoring unsupported arg: auto_download"}}
[debug] [2022-11-17T02:47:08.270Z] Ignoring unsupported arg: port {"metadata":{"emulator":{"name":"ui"},"message":"Ignoring unsupported arg: port"}}
[debug] [2022-11-17T02:47:08.271Z] Starting Emulator UI with command {"binary":"node","args":["C:\\Users\\jpost\\.cache\\firebase\\emulators\\ui-v1.11.1\\server\\server.js"],"optionalArgs":[],"joinArgs":false} {"metadata":{"emulator":{"name":"ui"},"message":"Starting Emulator UI with command {\"binary\":\"node\",\"args\":[\"C:\\\\Users\\\\jpost\\\\.cache\\\\firebase\\\\emulators\\\\ui-v1.11.1\\\\server\\\\server.js\"],\"optionalArgs\":[],\"joinArgs\":false}"}}
[info] i  ui: Emulator UI logging to ui-debug.log {"metadata":{"emulator":{"name":"ui"},"message":"Emulator UI logging to \u001b[1mui-debug.log\u001b[22m"}}
[debug] [2022-11-17T02:47:08.393Z] Web / API server started at 127.0.0.1:4000
 {"metadata":{"emulator":{"name":"ui"},"message":"Web / API server started at 127.0.0.1:4000\n"}}
[debug] [2022-11-17T02:47:08.393Z] Web / API server started at ::1:4000
 {"metadata":{"emulator":{"name":"ui"},"message":"Web / API server started at ::1:4000\n"}}
[info] i  functions: Watching "C:\Users\jpost\OneDrive\Desktop\Sunrae\sunrae\functions" for Cloud Functions... {"metadata":{"emulator":{"name":"functions"},"message":"Watching \"C:\\Users\\jpost\\OneDrive\\Desktop\\Sunrae\\sunrae\\functions\" for Cloud Functions..."}}
[debug] [2022-11-17T02:47:08.543Z] Validating nodejs source
[warn] !  functions: package.json indicates an outdated version of firebase-functions. Please upgrade using npm install --save firebase-functions@latest in your functions directory. 
[warn] !  functions: Please note that there will be breaking changes when you upgrade. 
[debug] [2022-11-17T02:47:10.785Z] > [functions] package.json contents: {
  "name": "functions",
  "description": "Cloud Functions for Firebase",
  "scripts": {
    "lint": "eslint .",
    "serve": "firebase emulators:start --only functions",
    "shell": "firebase functions:shell",
    "start": "npm run shell",
    "deploy": "firebase deploy --only functions",
    "logs": "firebase functions:log"
  },
  "engines": {
    "node": "16"
  },
  "main": "index.js",
  "dependencies": {
    "express": "^4.18.2",
    "firebase-admin": "^10.0.2",
    "firebase-functions": "^3.18.0"
  },
  "devDependencies": {
    "eslint": "^8.9.0",
    "eslint-config-google": "^0.14.0",
    "firebase-functions-test": "^0.2.0"
  },
  "private": true
}
[debug] [2022-11-17T02:47:10.785Z] Building nodejs source
[debug] [2022-11-17T02:47:10.785Z] Analyzing nodejs backend spec
[debug] [2022-11-17T02:47:10.786Z] Could not find functions.yaml. Must use http discovery
[debug] [2022-11-17T02:47:11.063Z] Serving at port 9005

[debug] [2022-11-17T02:47:11.121Z] Got response from /__/functions.yaml Failed to generate manifest from function source: Error: Cannot find module 'stripe'
Require stack:
- C:\Users\jpost\OneDrive\Desktop\Sunrae\sunrae\functions\index.js
- C:\Users\jpost\OneDrive\Desktop\Sunrae\sunrae\functions\node_modules\firebase-functions\lib\runtime\loader.js
- C:\Users\jpost\OneDrive\Desktop\Sunrae\sunrae\functions\node_modules\firebase-functions\lib\bin\firebase-functions.js
[debug] [2022-11-17T02:47:11.125Z] Failed to parse functions.yamlincomplete explicit mapping pair; a key node is missed; or followed by a non-tabulated empty line at line 1, column 56:
     ... fest from function source: Error: Cannot find module 'stripe'
                                         ^ {"name":"YAMLException","reason":"incomplete explicit mapping pair; a key node is missed; or followed by a non-tabulated empty line","mark":{"name":null,"buffer":"Failed to generate manifest from function source: Error: Cannot find module 'stripe'\nRequire stack:\n- C:\\Users\\jpost\\OneDrive\\Desktop\\Sunrae\\sunrae\\functions\\index.js\n- C:\\Users\\jpost\\OneDrive\\Desktop\\Sunrae\\sunrae\\functions\\node_modules\\firebase-functions\\lib\\runtime\\loader.js\n- C:\\Users\\jpost\\OneDrive\\Desktop\\Sunrae\\sunrae\\functions\\node_modules\\firebase-functions\\lib\\bin\\firebase-functions.js\n\u0000","position":55,"line":0,"column":55},"message":"incomplete explicit mapping pair; a key node is missed; or followed by a non-tabulated empty line at line 1, column 56:\n     ... fest from function source: Error: Cannot find module 'stripe'\n                                         ^"}
[debug] [2022-11-17T02:47:11.128Z] shutdown requested via /__/quitquitquit

[error] !!  functions: Failed to load function definition from source: FirebaseError: Failed to load function definition from source: Failed to generate manifest from function source: Error: Cannot find module 'stripe'
Require stack:
- C:\Users\jpost\OneDrive\Desktop\Sunrae\sunrae\functions\index.js
- C:\Users\jpost\OneDrive\Desktop\Sunrae\sunrae\functions\node_modules\firebase-functions\lib\runtime\loader.js
- C:\Users\jpost\OneDrive\Desktop\Sunrae\sunrae\functions\node_modules\firebase-functions\lib\bin\firebase-functions.js {"metadata":{"emulator":{"name":"functions"},"message":"Failed to load function definition from source: FirebaseError: Failed to load function definition from source: Failed to generate manifest from function source: Error: Cannot find module 'stripe'\nRequire stack:\n- C:\\Users\\jpost\\OneDrive\\Desktop\\Sunrae\\sunrae\\functions\\index.js\n- C:\\Users\\jpost\\OneDrive\\Desktop\\Sunrae\\sunrae\\functions\\node_modules\\firebase-functions\\lib\\runtime\\loader.js\n- C:\\Users\\jpost\\OneDrive\\Desktop\\Sunrae\\sunrae\\functions\\node_modules\\firebase-functions\\lib\\bin\\firebase-functions.js"}}
[info] 
┌─────────────────────────────────────────────────────────────┐
│ ✔  All emulators ready! It is now safe to connect your app. │
│ i  View Emulator UI at http://127.0.0.1:4000/               │
└─────────────────────────────────────────────────────────────┘

┌───────────┬────────────────┬─────────────────────────────────┐
│ Emulator  │ Host:Port      │ View in Emulator UI             │
├───────────┼────────────────┼─────────────────────────────────┤
│ Functions │ 127.0.0.1:5001 │ http://127.0.0.1:4000/functions │
└───────────┴────────────────┴─────────────────────────────────┘
  Emulator Hub running at 127.0.0.1:4400
  Other reserved ports: 4500

Issues? Report them at https://github.com/firebase/firebase-tools/issues and attach the *-debug.log files.
 
[debug] [2022-11-17T02:55:54.320Z] File C:\Users\jpost\OneDrive\Desktop\Sunrae\sunrae\functions\package-lock.json changed, reloading triggers {"metadata":{"emulator":{"name":"functions"},"message":"File C:\\Users\\jpost\\OneDrive\\Desktop\\Sunrae\\sunrae\\functions\\package-lock.json changed, reloading triggers"}}
[debug] [2022-11-17T02:55:54.323Z] File C:\Users\jpost\OneDrive\Desktop\Sunrae\sunrae\functions\package.json changed, reloading triggers {"metadata":{"emulator":{"name":"functions"},"message":"File C:\\Users\\jpost\\OneDrive\\Desktop\\Sunrae\\sunrae\\functions\\package.json changed, reloading triggers"}}
[debug] [2022-11-17T02:55:55.327Z] Validating nodejs source
[debug] [2022-11-17T02:55:57.522Z] > [functions] package.json contents: {
  "name": "functions",
  "description": "Cloud Functions for Firebase",
  "scripts": {
    "lint": "eslint .",
    "serve": "firebase emulators:start --only functions",
    "shell": "firebase functions:shell",
    "start": "npm run shell",
    "deploy": "firebase deploy --only functions",
    "logs": "firebase functions:log"
  },
  "engines": {
    "node": "16"
  },
  "main": "index.js",
  "dependencies": {
    "express": "^4.18.2",
    "firebase-admin": "^10.0.2",
    "firebase-functions": "^4.0.2"
  },
  "devDependencies": {
    "eslint": "^8.9.0",
    "eslint-config-google": "^0.14.0",
    "firebase-functions-test": "^0.2.0"
  },
  "private": true
}
[debug] [2022-11-17T02:55:57.522Z] Building nodejs source
[debug] [2022-11-17T02:55:57.522Z] Analyzing nodejs backend spec
[debug] [2022-11-17T02:55:57.523Z] Could not find functions.yaml. Must use http discovery
[debug] [2022-11-17T02:55:57.745Z] Serving at port 9005

[debug] [2022-11-17T02:55:57.962Z] Got response from /__/functions.yaml Failed to generate manifest from function source: Error: Cannot find module 'stripe'
Require stack:
- C:\Users\jpost\OneDrive\Desktop\Sunrae\sunrae\functions\index.js
- C:\Users\jpost\OneDrive\Desktop\Sunrae\sunrae\functions\node_modules\firebase-functions\lib\runtime\loader.js
- C:\Users\jpost\OneDrive\Desktop\Sunrae\sunrae\functions\node_modules\firebase-functions\lib\bin\firebase-functions.js
[debug] [2022-11-17T02:55:57.962Z] Failed to parse functions.yamlincomplete explicit mapping pair; a key node is missed; or followed by a non-tabulated empty line at line 1, column 56:
     ... fest from function source: Error: Cannot find module 'stripe'
                                         ^ {"name":"YAMLException","reason":"incomplete explicit mapping pair; a key node is missed; or followed by a non-tabulated empty line","mark":{"name":null,"buffer":"Failed to generate manifest from function source: Error: Cannot find module 'stripe'\nRequire stack:\n- C:\\Users\\jpost\\OneDrive\\Desktop\\Sunrae\\sunrae\\functions\\index.js\n- C:\\Users\\jpost\\OneDrive\\Desktop\\Sunrae\\sunrae\\functions\\node_modules\\firebase-functions\\lib\\runtime\\loader.js\n- C:\\Users\\jpost\\OneDrive\\Desktop\\Sunrae\\sunrae\\functions\\node_modules\\firebase-functions\\lib\\bin\\firebase-functions.js\n\u0000","position":55,"line":0,"column":55},"message":"incomplete explicit mapping pair; a key node is missed; or followed by a non-tabulated empty line at line 1, column 56:\n     ... fest from function source: Error: Cannot find module 'stripe'\n                                         ^"}
[debug] [2022-11-17T02:55:57.964Z] shutdown requested via /__/quitquitquit

[error] !!  functions: Failed to load function definition from source: FirebaseError: Failed to load function definition from source: Failed to generate manifest from function source: Error: Cannot find module 'stripe'
Require stack:
- C:\Users\jpost\OneDrive\Desktop\Sunrae\sunrae\functions\index.js
- C:\Users\jpost\OneDrive\Desktop\Sunrae\sunrae\functions\node_modules\firebase-functions\lib\runtime\loader.js
- C:\Users\jpost\OneDrive\Desktop\Sunrae\sunrae\functions\node_modules\firebase-functions\lib\bin\firebase-functions.js {"metadata":{"emulator":{"name":"functions"},"message":"Failed to load function definition from source: FirebaseError: Failed to load function definition from source: Failed to generate manifest from function source: Error: Cannot find module 'stripe'\nRequire stack:\n- C:\\Users\\jpost\\OneDrive\\Desktop\\Sunrae\\sunrae\\functions\\index.js\n- C:\\Users\\jpost\\OneDrive\\Desktop\\Sunrae\\sunrae\\functions\\node_modules\\firebase-functions\\lib\\runtime\\loader.js\n- C:\\Users\\jpost\\OneDrive\\Desktop\\Sunrae\\sunrae\\functions\\node_modules\\firebase-functions\\lib\\bin\\firebase-functions.js"}}
[debug] [2022-11-17T03:09:49.961Z] ----------------------------------------------------------------------
[debug] [2022-11-17T03:09:49.962Z] Command:       C:\Program Files\nodejs\node.exe C:\Users\jpost\AppData\Roaming\npm\node_modules\firebase-tools\lib\bin\firebase.js emulators:start
[debug] [2022-11-17T03:09:49.962Z] CLI Version:   11.16.0
[debug] [2022-11-17T03:09:49.962Z] Platform:      win32
[debug] [2022-11-17T03:09:49.962Z] Node Version:  v16.17.1
[debug] [2022-11-17T03:09:49.963Z] Time:          Wed Nov 16 2022 19:09:49 GMT-0800 (Pacific Standard Time)
[debug] [2022-11-17T03:09:49.963Z] ----------------------------------------------------------------------
[debug] 
[debug] [2022-11-17T03:09:50.027Z] > command requires scopes: ["email","openid","https://www.googleapis.com/auth/cloudplatformprojects.readonly","https://www.googleapis.com/auth/firebase","https://www.googleapis.com/auth/cloud-platform"]
[debug] [2022-11-17T03:09:50.027Z] > authorizing via signed-in user (jessycp52547@gmail.com)
[info] i  emulators: Starting emulators: functions {"metadata":{"emulator":{"name":"hub"},"message":"Starting emulators: functions"}}
[debug] [2022-11-17T03:09:50.035Z] [logging] Logging Emulator only supports listening on one address (127.0.0.1). Not listening on ::1
[debug] [2022-11-17T03:09:50.035Z] assigned listening specs for emulators {"user":{"hub":[{"address":"127.0.0.1","family":"IPv4","port":4400},{"address":"::1","family":"IPv6","port":4400}],"ui":[{"address":"127.0.0.1","family":"IPv4","port":4000},{"address":"::1","family":"IPv6","port":4000}],"logging":[{"address":"127.0.0.1","family":"IPv4","port":4500}]},"metadata":{"message":"assigned listening specs for emulators"}}
[warn] !  emulators: It seems that you are running multiple instances of the emulator suite for project sunraecap. This may result in unexpected behavior. 
[debug] [2022-11-17T03:09:50.049Z] [hub] writing locator at C:\Users\jpost\AppData\Local\Temp\hub-sunraecap.json
[debug] [2022-11-17T03:09:50.073Z] [functions] Functions Emulator only supports listening on one address (127.0.0.1). Not listening on ::1
[debug] [2022-11-17T03:09:50.075Z] [eventarc] Eventarc Emulator only supports listening on one address (127.0.0.1). Not listening on ::1
[debug] [2022-11-17T03:09:50.075Z] late-assigned ports for functions and eventarc emulators {"user":{"hub":[{"address":"127.0.0.1","family":"IPv4","port":4400},{"address":"::1","family":"IPv6","port":4400}],"ui":[{"address":"127.0.0.1","family":"IPv4","port":4000},{"address":"::1","family":"IPv6","port":4000}],"logging":[{"address":"127.0.0.1","family":"IPv4","port":4500}],"functions":[{"address":"127.0.0.1","family":"IPv4","port":5001}],"eventarc":[{"address":"127.0.0.1","family":"IPv4","port":9299}]},"metadata":{"message":"late-assigned ports for functions and eventarc emulators"}}
[warn] !  functions: The following emulators are not running, calls to these services from the Functions emulator will affect production: auth, firestore, database, hosting, pubsub, storage {"metadata":{"emulator":{"name":"functions"},"message":"The following emulators are not running, calls to these services from the Functions emulator will affect production: \u001b[1mauth, firestore, database, hosting, pubsub, storage\u001b[22m"}}
[info] +  functions: Using node@16 from host. {"metadata":{"emulator":{"name":"functions"},"message":"Using node@16 from host."}}
[debug] [2022-11-17T03:09:50.104Z] defaultcredentials: writing to file C:\Users\jpost\AppData\Roaming\firebase\jessycp52547_gmail_com_application_default_credentials.json
[debug] [2022-11-17T03:09:50.112Z] Setting GAC to C:\Users\jpost\AppData\Roaming\firebase\jessycp52547_gmail_com_application_default_credentials.json {"metadata":{"emulator":{"name":"functions"},"message":"Setting GAC to C:\\Users\\jpost\\AppData\\Roaming\\firebase\\jessycp52547_gmail_com_application_default_credentials.json"}}
[debug] [2022-11-17T03:09:50.113Z] > refreshing access token with scopes: []
[debug] [2022-11-17T03:09:50.115Z] >>> [apiv2][query] POST https://www.googleapis.com/oauth2/v3/token [none]
[debug] [2022-11-17T03:09:50.115Z] >>> [apiv2][body] POST https://www.googleapis.com/oauth2/v3/token [omitted]
[debug] [2022-11-17T03:09:50.347Z] <<< [apiv2][status] POST https://www.googleapis.com/oauth2/v3/token 200
[debug] [2022-11-17T03:09:50.347Z] <<< [apiv2][body] POST https://www.googleapis.com/oauth2/v3/token [omitted]
[debug] [2022-11-17T03:09:50.358Z] >>> [apiv2][query] GET https://firebase.googleapis.com/v1beta1/projects/sunraecap/adminSdkConfig [none]
[debug] [2022-11-17T03:09:50.665Z] <<< [apiv2][status] GET https://firebase.googleapis.com/v1beta1/projects/sunraecap/adminSdkConfig 200
[debug] [2022-11-17T03:09:50.665Z] <<< [apiv2][body] GET https://firebase.googleapis.com/v1beta1/projects/sunraecap/adminSdkConfig {"projectId":"sunraecap","storageBucket":"sunraecap.appspot.com","locationId":"us-west3"}
[debug] [2022-11-17T03:09:50.688Z] Ignoring unsupported arg: auto_download {"metadata":{"emulator":{"name":"ui"},"message":"Ignoring unsupported arg: auto_download"}}
[debug] [2022-11-17T03:09:50.688Z] Ignoring unsupported arg: port {"metadata":{"emulator":{"name":"ui"},"message":"Ignoring unsupported arg: port"}}
[debug] [2022-11-17T03:09:50.688Z] Starting Emulator UI with command {"binary":"node","args":["C:\\Users\\jpost\\.cache\\firebase\\emulators\\ui-v1.11.1\\server\\server.js"],"optionalArgs":[],"joinArgs":false} {"metadata":{"emulator":{"name":"ui"},"message":"Starting Emulator UI with command {\"binary\":\"node\",\"args\":[\"C:\\\\Users\\\\jpost\\\\.cache\\\\firebase\\\\emulators\\\\ui-v1.11.1\\\\server\\\\server.js\"],\"optionalArgs\":[],\"joinArgs\":false}"}}
[info] i  ui: Emulator UI logging to ui-debug.log {"metadata":{"emulator":{"name":"ui"},"message":"Emulator UI logging to \u001b[1mui-debug.log\u001b[22m"}}
[debug] [2022-11-17T03:09:50.802Z] Web / API server started at 127.0.0.1:4000
 {"metadata":{"emulator":{"name":"ui"},"message":"Web / API server started at 127.0.0.1:4000\n"}}
[debug] [2022-11-17T03:09:50.803Z] Web / API server started at ::1:4000
 {"metadata":{"emulator":{"name":"ui"},"message":"Web / API server started at ::1:4000\n"}}
[info] i  functions: Watching "C:\Users\jpost\OneDrive\Desktop\Sunrae\sunrae\functions" for Cloud Functions... {"metadata":{"emulator":{"name":"functions"},"message":"Watching \"C:\\Users\\jpost\\OneDrive\\Desktop\\Sunrae\\sunrae\\functions\" for Cloud Functions..."}}
[debug] [2022-11-17T03:09:50.967Z] Validating nodejs source
[debug] [2022-11-17T03:09:53.126Z] > [functions] package.json contents: {
  "name": "functions",
  "description": "Cloud Functions for Firebase",
  "scripts": {
    "lint": "eslint .",
    "serve": "firebase emulators:start --only functions",
    "shell": "firebase functions:shell",
    "start": "npm run shell",
    "deploy": "firebase deploy --only functions",
    "logs": "firebase functions:log"
  },
  "engines": {
    "node": "16"
  },
  "main": "index.js",
  "dependencies": {
    "express": "^4.18.2",
    "firebase-admin": "^10.0.2",
    "firebase-functions": "^4.0.2"
  },
  "devDependencies": {
    "eslint": "^8.9.0",
    "eslint-config-google": "^0.14.0",
    "firebase-functions-test": "^0.2.0"
  },
  "private": true
}
[debug] [2022-11-17T03:09:53.126Z] Building nodejs source
[debug] [2022-11-17T03:09:53.126Z] Analyzing nodejs backend spec
[debug] [2022-11-17T03:09:53.131Z] Could not find functions.yaml. Must use http discovery
[debug] [2022-11-17T03:09:53.323Z] Serving at port 9005

[debug] [2022-11-17T03:09:53.494Z] Got response from /__/functions.yaml Failed to generate manifest from function source: Error: Cannot find module 'stripe'
Require stack:
- C:\Users\jpost\OneDrive\Desktop\Sunrae\sunrae\functions\index.js
- C:\Users\jpost\OneDrive\Desktop\Sunrae\sunrae\functions\node_modules\firebase-functions\lib\runtime\loader.js
- C:\Users\jpost\OneDrive\Desktop\Sunrae\sunrae\functions\node_modules\firebase-functions\lib\bin\firebase-functions.js
[debug] [2022-11-17T03:09:53.496Z] Failed to parse functions.yamlincomplete explicit mapping pair; a key node is missed; or followed by a non-tabulated empty line at line 1, column 56:
     ... fest from function source: Error: Cannot find module 'stripe'
                                         ^ {"name":"YAMLException","reason":"incomplete explicit mapping pair; a key node is missed; or followed by a non-tabulated empty line","mark":{"name":null,"buffer":"Failed to generate manifest from function source: Error: Cannot find module 'stripe'\nRequire stack:\n- C:\\Users\\jpost\\OneDrive\\Desktop\\Sunrae\\sunrae\\functions\\index.js\n- C:\\Users\\jpost\\OneDrive\\Desktop\\Sunrae\\sunrae\\functions\\node_modules\\firebase-functions\\lib\\runtime\\loader.js\n- C:\\Users\\jpost\\OneDrive\\Desktop\\Sunrae\\sunrae\\functions\\node_modules\\firebase-functions\\lib\\bin\\firebase-functions.js\n\u0000","position":55,"line":0,"column":55},"message":"incomplete explicit mapping pair; a key node is missed; or followed by a non-tabulated empty line at line 1, column 56:\n     ... fest from function source: Error: Cannot find module 'stripe'\n                                         ^"}
[debug] [2022-11-17T03:09:53.499Z] shutdown requested via /__/quitquitquit

[error] !!  functions: Failed to load function definition from source: FirebaseError: Failed to load function definition from source: Failed to generate manifest from function source: Error: Cannot find module 'stripe'
Require stack:
- C:\Users\jpost\OneDrive\Desktop\Sunrae\sunrae\functions\index.js
- C:\Users\jpost\OneDrive\Desktop\Sunrae\sunrae\functions\node_modules\firebase-functions\lib\runtime\loader.js
- C:\Users\jpost\OneDrive\Desktop\Sunrae\sunrae\functions\node_modules\firebase-functions\lib\bin\firebase-functions.js {"metadata":{"emulator":{"name":"functions"},"message":"Failed to load function definition from source: FirebaseError: Failed to load function definition from source: Failed to generate manifest from function source: Error: Cannot find module 'stripe'\nRequire stack:\n- C:\\Users\\jpost\\OneDrive\\Desktop\\Sunrae\\sunrae\\functions\\index.js\n- C:\\Users\\jpost\\OneDrive\\Desktop\\Sunrae\\sunrae\\functions\\node_modules\\firebase-functions\\lib\\runtime\\loader.js\n- C:\\Users\\jpost\\OneDrive\\Desktop\\Sunrae\\sunrae\\functions\\node_modules\\firebase-functions\\lib\\bin\\firebase-functions.js"}}
[info] 
┌─────────────────────────────────────────────────────────────┐
│ ✔  All emulators ready! It is now safe to connect your app. │
│ i  View Emulator UI at http://127.0.0.1:4000/               │
└─────────────────────────────────────────────────────────────┘

┌───────────┬────────────────┬─────────────────────────────────┐
│ Emulator  │ Host:Port      │ View in Emulator UI             │
├───────────┼────────────────┼─────────────────────────────────┤
│ Functions │ 127.0.0.1:5001 │ http://127.0.0.1:4000/functions │
└───────────┴────────────────┴─────────────────────────────────┘
  Emulator Hub running at 127.0.0.1:4400
  Other reserved ports: 4500

Issues? Report them at https://github.com/firebase/firebase-tools/issues and attach the *-debug.log files.
 
[debug] [2022-11-17T17:18:25.103Z] Functions emulator received unknown request at path /challenge-c2c10/us-central1/api
[debug] [2022-11-17T17:18:25.175Z] Functions emulator received unknown request at path /favicon.ico
